<?xml version="1.0" encoding="UTF-8" ?>
<testsuite failures="0" time="0.016" errors="0" skipped="0" tests="1" name="com.tcc.main.service.AppTest">
  <properties>
    <property name="java.runtime.name" value="Java(TM) SE Runtime Environment"/>
    <property name="sun.boot.library.path" value="D:\java\jdk1.7.0_80\jre\bin"/>
    <property name="java.vm.version" value="24.80-b11"/>
    <property name="java.vm.vendor" value="Oracle Corporation"/>
    <property name="java.vendor.url" value="http://java.oracle.com/"/>
    <property name="path.separator" value=";"/>
    <property name="java.vm.name" value="Java HotSpot(TM) 64-Bit Server VM"/>
    <property name="file.encoding.pkg" value="sun.io"/>
    <property name="user.script" value=""/>
    <property name="user.country" value="CN"/>
    <property name="sun.java.launcher" value="SUN_STANDARD"/>
    <property name="sun.os.patch.level" value="Service Pack 1"/>
    <property name="java.vm.specification.name" value="Java Virtual Machine Specification"/>
    <property name="user.dir" value="F:\michaux-code\michaux-git-rep\michaux-store-front\michaux_store_front_service"/>
    <property name="java.runtime.version" value="1.7.0_80-b15"/>
    <property name="java.awt.graphicsenv" value="sun.awt.Win32GraphicsEnvironment"/>
    <property name="basedir" value="F:\michaux-code\michaux-git-rep\michaux-store-front\michaux_store_front_service"/>
    <property name="java.endorsed.dirs" value="D:\java\jdk1.7.0_80\jre\lib\endorsed"/>
    <property name="os.arch" value="amd64"/>
    <property name="surefire.real.class.path" value="C:\Users\XiaoZhu\AppData\Local\Temp\surefirebooter8198405190986431752.jar"/>
    <property name="java.io.tmpdir" value="C:\Users\XiaoZhu\AppData\Local\Temp\"/>
    <property name="line.separator" value="
"/>
    <property name="java.vm.specification.vendor" value="Oracle Corporation"/>
    <property name="user.variant" value=""/>
    <property name="os.name" value="Windows 7"/>
    <property name="sun.jnu.encoding" value="GBK"/>
    <property name="java.library.path" value="D:\java\jdk1.7.0_80\jre\bin;C:\Windows\Sun\Java\bin;C:\Windows\system32;C:\Windows;D:/java/jdk1.7.0_80/bin/../jre/bin/server;D:/java/jdk1.7.0_80/bin/../jre/bin;D:/java/jdk1.7.0_80/bin/../jre/lib/amd64;D:\java\jdk1.7.0_80\bin;D:\java\jdk1.7.0_80\jre\bin;C:\Windows\system32;C:\Windows;C:\Windows\System32\Wbem;C:\Windows\System32\WindowsPowerShell\v1.0\;D:\Program Files\TortoiseSVN\bin;D:\mysql-server\bin;D:\git-install\Git\cmd;C:\Program Files\IDM Computer Solutions\UltraCompare;C:\Program Files (x86)\SSH Communications Security\SSH Secure Shell;F:\software\eclipse-jee-kepler-R-win32-x86_64\eclipse;;."/>
    <property name="surefire.test.class.path" value="F:\michaux-code\michaux-git-rep\michaux-store-front\michaux_store_front_service\target\test-classes;F:\michaux-code\michaux-git-rep\michaux-store-front\michaux_store_front_service\target\classes;E:\mavenAdaLocalStore\org\springframework\spring-beans\4.1.2.RELEASE\spring-beans-4.1.2.RELEASE.jar;E:\mavenAdaLocalStore\org\springframework\spring-core\4.1.2.RELEASE\spring-core-4.1.2.RELEASE.jar;E:\mavenAdaLocalStore\commons-logging\commons-logging\1.1.1\commons-logging-1.1.1.jar;E:\mavenAdaLocalStore\org\springframework\spring-aop\4.1.2.RELEASE\spring-aop-4.1.2.RELEASE.jar;E:\mavenAdaLocalStore\aopalliance\aopalliance\1.0\aopalliance-1.0.jar;E:\mavenAdaLocalStore\org\springframework\spring-aspects\4.1.2.RELEASE\spring-aspects-4.1.2.RELEASE.jar;E:\mavenAdaLocalStore\org\aspectj\aspectjweaver\1.8.1\aspectjweaver-1.8.1.jar;E:\mavenAdaLocalStore\org\springframework\spring-expression\4.1.2.RELEASE\spring-expression-4.1.2.RELEASE.jar;E:\mavenAdaLocalStore\org\springframework\spring-instrument\4.1.2.RELEASE\spring-instrument-4.1.2.RELEASE.jar;E:\mavenAdaLocalStore\org\springframework\spring-jdbc\4.1.2.RELEASE\spring-jdbc-4.1.2.RELEASE.jar;E:\mavenAdaLocalStore\org\springframework\spring-tx\4.1.2.RELEASE\spring-tx-4.1.2.RELEASE.jar;E:\mavenAdaLocalStore\org\springframework\spring-jms\4.1.2.RELEASE\spring-jms-4.1.2.RELEASE.jar;E:\mavenAdaLocalStore\org\springframework\spring-context\4.1.2.RELEASE\spring-context-4.1.2.RELEASE.jar;E:\mavenAdaLocalStore\org\springframework\spring-messaging\4.1.2.RELEASE\spring-messaging-4.1.2.RELEASE.jar;E:\mavenAdaLocalStore\org\springframework\spring-orm\4.1.2.RELEASE\spring-orm-4.1.2.RELEASE.jar;E:\mavenAdaLocalStore\org\springframework\spring-context-support\4.1.2.RELEASE\spring-context-support-4.1.2.RELEASE.jar;E:\mavenAdaLocalStore\org\springframework\spring-web\4.1.2.RELEASE\spring-web-4.1.2.RELEASE.jar;E:\mavenAdaLocalStore\org\springframework\spring-webmvc-portlet\4.1.2.RELEASE\spring-webmvc-portlet-4.1.2.RELEASE.jar;E:\mavenAdaLocalStore\org\springframework\spring-webmvc\4.1.2.RELEASE\spring-webmvc-4.1.2.RELEASE.jar;E:\mavenAdaLocalStore\org\springframework\spring-test\4.1.2.RELEASE\spring-test-4.1.2.RELEASE.jar;F:\michaux-code\michaux-git-rep\michaux-store-front\michaux_store_front_manager\target\michaux_store_front_manager-1.0.1-SNAPSHOT.jar;F:\michaux-code\michaux-git-rep\michaux-store-front\michaux_store_front_dao\target\michaux_store_front_dao-1.0.1-SNAPSHOT.jar;F:\michaux-code\michaux-git-rep\michaux-store-front\michaux_store_front_domain\target\michaux_store_front_domain-1.0.1-SNAPSHOT.jar;E:\mavenAdaLocalStore\org\mybatis\mybatis-spring\1.3.0\mybatis-spring-1.3.0.jar;E:\mavenAdaLocalStore\org\mybatis\caches\mybatis-ehcache\1.0.3\mybatis-ehcache-1.0.3.jar;E:\mavenAdaLocalStore\net\sf\ehcache\ehcache-core\2.6.6\ehcache-core-2.6.6.jar;E:\mavenAdaLocalStore\org\slf4j\slf4j-api\1.5.10\slf4j-api-1.5.10.jar;E:\mavenAdaLocalStore\org\mybatis\mybatis\3.4.1\mybatis-3.4.1.jar;E:\mavenAdaLocalStore\org\mybatis\generator\mybatis-generator-core\1.3.7\mybatis-generator-core-1.3.7.jar;F:\michaux-code\michaux-git-rep\michaux-store-front\michaux_store_front_common\target\michaux_store_front_common-1.0.1-SNAPSHOT.jar;E:\mavenAdaLocalStore\org\springframework\data\spring-data-redis\1.6.0.RELEASE\spring-data-redis-1.6.0.RELEASE.jar;E:\mavenAdaLocalStore\redis\clients\jedis\2.7.3\jedis-2.7.3.jar;E:\mavenAdaLocalStore\org\apache\commons\commons-pool2\2.3\commons-pool2-2.3.jar;E:\mavenAdaLocalStore\cn\jpush\api\jpush-client\3.1.3\jpush-client-3.1.3.jar;E:\mavenAdaLocalStore\com\google\code\gson\gson\2.2.4\gson-2.2.4.jar;E:\mavenAdaLocalStore\org\slf4j\slf4j-log4j12\1.7.5\slf4j-log4j12-1.7.5.jar;E:\mavenAdaLocalStore\log4j\log4j\1.2.16\log4j-1.2.16.jar;E:\mavenAdaLocalStore\com\google\guava\guava\17.0\guava-17.0.jar;E:\mavenAdaLocalStore\org\apache\shiro\shiro-spring\1.2.2\shiro-spring-1.2.2.jar;E:\mavenAdaLocalStore\org\apache\shiro\shiro-core\1.2.2\shiro-core-1.2.2.jar;E:\mavenAdaLocalStore\commons-beanutils\commons-beanutils\1.8.3\commons-beanutils-1.8.3.jar;E:\mavenAdaLocalStore\org\apache\shiro\shiro-web\1.2.2\shiro-web-1.2.2.jar;E:\mavenAdaLocalStore\org\apache\shiro\shiro-ehcache\1.2.2\shiro-ehcache-1.2.2.jar;E:\mavenAdaLocalStore\commons-codec\commons-codec\1.8\commons-codec-1.8.jar;E:\mavenAdaLocalStore\org\apache\commons\commons-lang3\3.7\commons-lang3-3.7.jar;E:\mavenAdaLocalStore\commons-lang\commons-lang\2.6\commons-lang-2.6.jar;E:\mavenAdaLocalStore\commons-io\commons-io\1.3.2\commons-io-1.3.2.jar;E:\mavenAdaLocalStore\org\apache\poi\poi-ooxml\3.5-FINAL\poi-ooxml-3.5-FINAL.jar;E:\mavenAdaLocalStore\org\apache\poi\poi\3.5-FINAL\poi-3.5-FINAL.jar;E:\mavenAdaLocalStore\org\apache\poi\ooxml-schemas\1.0\ooxml-schemas-1.0.jar;E:\mavenAdaLocalStore\org\apache\xmlbeans\xmlbeans\2.3.0\xmlbeans-2.3.0.jar;E:\mavenAdaLocalStore\stax\stax-api\1.0.1\stax-api-1.0.1.jar;E:\mavenAdaLocalStore\dom4j\dom4j\1.6.1\dom4j-1.6.1.jar;E:\mavenAdaLocalStore\xml-apis\xml-apis\1.0.b2\xml-apis-1.0.b2.jar;E:\mavenAdaLocalStore\org\apache\httpcomponents\httpclient\4.3.3\httpclient-4.3.3.jar;E:\mavenAdaLocalStore\org\apache\httpcomponents\httpcore\4.4.3\httpcore-4.4.3.jar;E:\mavenAdaLocalStore\commons-httpclient\commons-httpclient\3.1\commons-httpclient-3.1.jar;E:\mavenAdaLocalStore\org\mongodb\mongo-java-driver\2.9.0\mongo-java-driver-2.9.0.jar;E:\mavenAdaLocalStore\org\springframework\data\spring-data-mongodb\1.2.1.RELEASE\spring-data-mongodb-1.2.1.RELEASE.jar;E:\mavenAdaLocalStore\org\springframework\data\spring-data-commons\1.5.1.RELEASE\spring-data-commons-1.5.1.RELEASE.jar;E:\mavenAdaLocalStore\org\slf4j\jcl-over-slf4j\1.7.10\jcl-over-slf4j-1.7.10.jar;E:\mavenAdaLocalStore\org\springframework\data\spring-data-mongodb-cross-store\1.2.1.RELEASE\spring-data-mongodb-cross-store-1.2.1.RELEASE.jar;E:\mavenAdaLocalStore\org\aspectj\aspectjrt\1.8.1\aspectjrt-1.8.1.jar;E:\mavenAdaLocalStore\cglib\cglib\2.2\cglib-2.2.jar;E:\mavenAdaLocalStore\asm\asm\3.1\asm-3.1.jar;E:\mavenAdaLocalStore\org\hibernate\javax\persistence\hibernate-jpa-2.0-api\1.0.0.Final\hibernate-jpa-2.0-api-1.0.0.Final.jar;E:\mavenAdaLocalStore\com\alibaba\fastjson\1.1.41\fastjson-1.1.41.jar;F:\michaux-code\michaux-git-rep\michaux-store-front\michaux_store_front_dto\target\michaux_store_front_dto-1.0.1-SNAPSHOT.jar;E:\mavenAdaLocalStore\org\quartz-scheduler\quartz\2.2.1\quartz-2.2.1.jar;E:\mavenAdaLocalStore\c3p0\c3p0\0.9.1.2\c3p0-0.9.1.2.jar;E:\mavenAdaLocalStore\org\quartz-scheduler\quartz-jobs\2.2.1\quartz-jobs-2.2.1.jar;E:\mavenAdaLocalStore\junit\junit\3.8.1\junit-3.8.1.jar;"/>
    <property name="java.specification.name" value="Java Platform API Specification"/>
    <property name="java.class.version" value="51.0"/>
    <property name="sun.management.compiler" value="HotSpot 64-Bit Tiered Compilers"/>
    <property name="os.version" value="6.1"/>
    <property name="user.home" value="C:\Users\XiaoZhu"/>
    <property name="user.timezone" value=""/>
    <property name="java.awt.printerjob" value="sun.awt.windows.WPrinterJob"/>
    <property name="java.specification.version" value="1.7"/>
    <property name="file.encoding" value="GBK"/>
    <property name="user.name" value="XiaoZhu"/>
    <property name="java.class.path" value="F:\michaux-code\michaux-git-rep\michaux-store-front\michaux_store_front_service\target\test-classes;F:\michaux-code\michaux-git-rep\michaux-store-front\michaux_store_front_service\target\classes;E:\mavenAdaLocalStore\org\springframework\spring-beans\4.1.2.RELEASE\spring-beans-4.1.2.RELEASE.jar;E:\mavenAdaLocalStore\org\springframework\spring-core\4.1.2.RELEASE\spring-core-4.1.2.RELEASE.jar;E:\mavenAdaLocalStore\commons-logging\commons-logging\1.1.1\commons-logging-1.1.1.jar;E:\mavenAdaLocalStore\org\springframework\spring-aop\4.1.2.RELEASE\spring-aop-4.1.2.RELEASE.jar;E:\mavenAdaLocalStore\aopalliance\aopalliance\1.0\aopalliance-1.0.jar;E:\mavenAdaLocalStore\org\springframework\spring-aspects\4.1.2.RELEASE\spring-aspects-4.1.2.RELEASE.jar;E:\mavenAdaLocalStore\org\aspectj\aspectjweaver\1.8.1\aspectjweaver-1.8.1.jar;E:\mavenAdaLocalStore\org\springframework\spring-expression\4.1.2.RELEASE\spring-expression-4.1.2.RELEASE.jar;E:\mavenAdaLocalStore\org\springframework\spring-instrument\4.1.2.RELEASE\spring-instrument-4.1.2.RELEASE.jar;E:\mavenAdaLocalStore\org\springframework\spring-jdbc\4.1.2.RELEASE\spring-jdbc-4.1.2.RELEASE.jar;E:\mavenAdaLocalStore\org\springframework\spring-tx\4.1.2.RELEASE\spring-tx-4.1.2.RELEASE.jar;E:\mavenAdaLocalStore\org\springframework\spring-jms\4.1.2.RELEASE\spring-jms-4.1.2.RELEASE.jar;E:\mavenAdaLocalStore\org\springframework\spring-context\4.1.2.RELEASE\spring-context-4.1.2.RELEASE.jar;E:\mavenAdaLocalStore\org\springframework\spring-messaging\4.1.2.RELEASE\spring-messaging-4.1.2.RELEASE.jar;E:\mavenAdaLocalStore\org\springframework\spring-orm\4.1.2.RELEASE\spring-orm-4.1.2.RELEASE.jar;E:\mavenAdaLocalStore\org\springframework\spring-context-support\4.1.2.RELEASE\spring-context-support-4.1.2.RELEASE.jar;E:\mavenAdaLocalStore\org\springframework\spring-web\4.1.2.RELEASE\spring-web-4.1.2.RELEASE.jar;E:\mavenAdaLocalStore\org\springframework\spring-webmvc-portlet\4.1.2.RELEASE\spring-webmvc-portlet-4.1.2.RELEASE.jar;E:\mavenAdaLocalStore\org\springframework\spring-webmvc\4.1.2.RELEASE\spring-webmvc-4.1.2.RELEASE.jar;E:\mavenAdaLocalStore\org\springframework\spring-test\4.1.2.RELEASE\spring-test-4.1.2.RELEASE.jar;F:\michaux-code\michaux-git-rep\michaux-store-front\michaux_store_front_manager\target\michaux_store_front_manager-1.0.1-SNAPSHOT.jar;F:\michaux-code\michaux-git-rep\michaux-store-front\michaux_store_front_dao\target\michaux_store_front_dao-1.0.1-SNAPSHOT.jar;F:\michaux-code\michaux-git-rep\michaux-store-front\michaux_store_front_domain\target\michaux_store_front_domain-1.0.1-SNAPSHOT.jar;E:\mavenAdaLocalStore\org\mybatis\mybatis-spring\1.3.0\mybatis-spring-1.3.0.jar;E:\mavenAdaLocalStore\org\mybatis\caches\mybatis-ehcache\1.0.3\mybatis-ehcache-1.0.3.jar;E:\mavenAdaLocalStore\net\sf\ehcache\ehcache-core\2.6.6\ehcache-core-2.6.6.jar;E:\mavenAdaLocalStore\org\slf4j\slf4j-api\1.5.10\slf4j-api-1.5.10.jar;E:\mavenAdaLocalStore\org\mybatis\mybatis\3.4.1\mybatis-3.4.1.jar;E:\mavenAdaLocalStore\org\mybatis\generator\mybatis-generator-core\1.3.7\mybatis-generator-core-1.3.7.jar;F:\michaux-code\michaux-git-rep\michaux-store-front\michaux_store_front_common\target\michaux_store_front_common-1.0.1-SNAPSHOT.jar;E:\mavenAdaLocalStore\org\springframework\data\spring-data-redis\1.6.0.RELEASE\spring-data-redis-1.6.0.RELEASE.jar;E:\mavenAdaLocalStore\redis\clients\jedis\2.7.3\jedis-2.7.3.jar;E:\mavenAdaLocalStore\org\apache\commons\commons-pool2\2.3\commons-pool2-2.3.jar;E:\mavenAdaLocalStore\cn\jpush\api\jpush-client\3.1.3\jpush-client-3.1.3.jar;E:\mavenAdaLocalStore\com\google\code\gson\gson\2.2.4\gson-2.2.4.jar;E:\mavenAdaLocalStore\org\slf4j\slf4j-log4j12\1.7.5\slf4j-log4j12-1.7.5.jar;E:\mavenAdaLocalStore\log4j\log4j\1.2.16\log4j-1.2.16.jar;E:\mavenAdaLocalStore\com\google\guava\guava\17.0\guava-17.0.jar;E:\mavenAdaLocalStore\org\apache\shiro\shiro-spring\1.2.2\shiro-spring-1.2.2.jar;E:\mavenAdaLocalStore\org\apache\shiro\shiro-core\1.2.2\shiro-core-1.2.2.jar;E:\mavenAdaLocalStore\commons-beanutils\commons-beanutils\1.8.3\commons-beanutils-1.8.3.jar;E:\mavenAdaLocalStore\org\apache\shiro\shiro-web\1.2.2\shiro-web-1.2.2.jar;E:\mavenAdaLocalStore\org\apache\shiro\shiro-ehcache\1.2.2\shiro-ehcache-1.2.2.jar;E:\mavenAdaLocalStore\commons-codec\commons-codec\1.8\commons-codec-1.8.jar;E:\mavenAdaLocalStore\org\apache\commons\commons-lang3\3.7\commons-lang3-3.7.jar;E:\mavenAdaLocalStore\commons-lang\commons-lang\2.6\commons-lang-2.6.jar;E:\mavenAdaLocalStore\commons-io\commons-io\1.3.2\commons-io-1.3.2.jar;E:\mavenAdaLocalStore\org\apache\poi\poi-ooxml\3.5-FINAL\poi-ooxml-3.5-FINAL.jar;E:\mavenAdaLocalStore\org\apache\poi\poi\3.5-FINAL\poi-3.5-FINAL.jar;E:\mavenAdaLocalStore\org\apache\poi\ooxml-schemas\1.0\ooxml-schemas-1.0.jar;E:\mavenAdaLocalStore\org\apache\xmlbeans\xmlbeans\2.3.0\xmlbeans-2.3.0.jar;E:\mavenAdaLocalStore\stax\stax-api\1.0.1\stax-api-1.0.1.jar;E:\mavenAdaLocalStore\dom4j\dom4j\1.6.1\dom4j-1.6.1.jar;E:\mavenAdaLocalStore\xml-apis\xml-apis\1.0.b2\xml-apis-1.0.b2.jar;E:\mavenAdaLocalStore\org\apache\httpcomponents\httpclient\4.3.3\httpclient-4.3.3.jar;E:\mavenAdaLocalStore\org\apache\httpcomponents\httpcore\4.4.3\httpcore-4.4.3.jar;E:\mavenAdaLocalStore\commons-httpclient\commons-httpclient\3.1\commons-httpclient-3.1.jar;E:\mavenAdaLocalStore\org\mongodb\mongo-java-driver\2.9.0\mongo-java-driver-2.9.0.jar;E:\mavenAdaLocalStore\org\springframework\data\spring-data-mongodb\1.2.1.RELEASE\spring-data-mongodb-1.2.1.RELEASE.jar;E:\mavenAdaLocalStore\org\springframework\data\spring-data-commons\1.5.1.RELEASE\spring-data-commons-1.5.1.RELEASE.jar;E:\mavenAdaLocalStore\org\slf4j\jcl-over-slf4j\1.7.10\jcl-over-slf4j-1.7.10.jar;E:\mavenAdaLocalStore\org\springframework\data\spring-data-mongodb-cross-store\1.2.1.RELEASE\spring-data-mongodb-cross-store-1.2.1.RELEASE.jar;E:\mavenAdaLocalStore\org\aspectj\aspectjrt\1.8.1\aspectjrt-1.8.1.jar;E:\mavenAdaLocalStore\cglib\cglib\2.2\cglib-2.2.jar;E:\mavenAdaLocalStore\asm\asm\3.1\asm-3.1.jar;E:\mavenAdaLocalStore\org\hibernate\javax\persistence\hibernate-jpa-2.0-api\1.0.0.Final\hibernate-jpa-2.0-api-1.0.0.Final.jar;E:\mavenAdaLocalStore\com\alibaba\fastjson\1.1.41\fastjson-1.1.41.jar;F:\michaux-code\michaux-git-rep\michaux-store-front\michaux_store_front_dto\target\michaux_store_front_dto-1.0.1-SNAPSHOT.jar;E:\mavenAdaLocalStore\org\quartz-scheduler\quartz\2.2.1\quartz-2.2.1.jar;E:\mavenAdaLocalStore\c3p0\c3p0\0.9.1.2\c3p0-0.9.1.2.jar;E:\mavenAdaLocalStore\org\quartz-scheduler\quartz-jobs\2.2.1\quartz-jobs-2.2.1.jar;E:\mavenAdaLocalStore\junit\junit\3.8.1\junit-3.8.1.jar;"/>
    <property name="java.vm.specification.version" value="1.7"/>
    <property name="sun.arch.data.model" value="64"/>
    <property name="java.home" value="D:\java\jdk1.7.0_80\jre"/>
    <property name="sun.java.command" value="C:\Users\XiaoZhu\AppData\Local\Temp\surefirebooter8198405190986431752.jar C:\Users\XiaoZhu\AppData\Local\Temp\surefire4522940166362017839tmp C:\Users\XiaoZhu\AppData\Local\Temp\surefire6670098097197957818tmp"/>
    <property name="java.specification.vendor" value="Oracle Corporation"/>
    <property name="user.language" value="zh"/>
    <property name="awt.toolkit" value="sun.awt.windows.WToolkit"/>
    <property name="java.vm.info" value="mixed mode"/>
    <property name="java.version" value="1.7.0_80"/>
    <property name="java.ext.dirs" value="D:\java\jdk1.7.0_80\jre\lib\ext;C:\Windows\Sun\Java\lib\ext"/>
    <property name="sun.boot.class.path" value="D:\java\jdk1.7.0_80\jre\lib\resources.jar;D:\java\jdk1.7.0_80\jre\lib\rt.jar;D:\java\jdk1.7.0_80\jre\lib\sunrsasign.jar;D:\java\jdk1.7.0_80\jre\lib\jsse.jar;D:\java\jdk1.7.0_80\jre\lib\jce.jar;D:\java\jdk1.7.0_80\jre\lib\charsets.jar;D:\java\jdk1.7.0_80\jre\lib\jfr.jar;D:\java\jdk1.7.0_80\jre\classes"/>
    <property name="java.vendor" value="Oracle Corporation"/>
    <property name="localRepository" value="E:/mavenAdaLocalStore"/>
    <property name="file.separator" value="\"/>
    <property name="java.vendor.url.bug" value="http://bugreport.sun.com/bugreport/"/>
    <property name="sun.cpu.endian" value="little"/>
    <property name="sun.io.unicode.encoding" value="UnicodeLittle"/>
    <property name="sun.desktop" value="windows"/>
    <property name="sun.cpu.isalist" value="amd64"/>
  </properties>
  <testcase time="0.002" classname="com.tcc.main.service.AppTest" name="testApp"/>
</testsuite>